Using pre-set license
Built from '2020.2/staging' branch; Version is '2020.2.5f1 (e2c53f129de5) revision 14861631'; Using compiler version '192528614'; Build Type 'Release'
OS: 'Windows 10 Pro; OS build 19042.1110; Version 2009; 64bit' Language: 'en' Physical Memory: 16335 MB
BatchMode: 1, IsHumanControllingUs: 0, StartBugReporterOnCrash: 0, Is64bit: 1, IsPro: 0

 COMMAND LINE ARGUMENTS:
D:\Unity\2020.2.5f1\Editor\Unity.exe
-adb2
-batchMode
-noUpm
-name
AssetImportWorker0
-projectPath
D:/Projects Unity/Shiftway v3/ShiftwayHPS1
-logFile
Logs/AssetImportWorker0.log
-srvPort
64309
Successfully changed project path to: D:/Projects Unity/Shiftway v3/ShiftwayHPS1
D:/Projects Unity/Shiftway v3/ShiftwayHPS1
Using Asset Import Pipeline V2.
Refreshing native plugins compatible for Editor in 63.19 ms, found 0 plugins.
Preloading 0 native plugins for Editor in 0.00 ms.
Initialize engine version: 2020.2.5f1 (e2c53f129de5)
[Subsystems] Discovering subsystems at path D:/Unity/2020.2.5f1/Editor/Data/Resources/UnitySubsystems
[Subsystems] Discovering subsystems at path D:/Projects Unity/Shiftway v3/ShiftwayHPS1/Assets
GfxDevice: creating device client; threaded=0
Direct3D:
    Version:  Direct3D 11.0 [level 11.1]
    Renderer: NVIDIA GeForce GTX 1080 (ID=0x1b80)
    Vendor:   
    VRAM:     8079 MB
    Driver:   30.0.14.7141
Initialize mono
Mono path[0] = 'D:/Unity/2020.2.5f1/Editor/Data/Managed'
Mono path[1] = 'D:/Unity/2020.2.5f1/Editor/Data/MonoBleedingEdge/lib/mono/unityjit'
Mono config path = 'D:/Unity/2020.2.5f1/Editor/Data/MonoBleedingEdge/etc'
Using monoOptions --debugger-agent=transport=dt_socket,embedding=1,server=y,suspend=n,address=127.0.0.1:56528
Begin MonoManager ReloadAssembly
Registering precompiled unity dll's ...
Register platform support module: D:/Unity/2020.2.5f1/Editor/Data/PlaybackEngines/MacStandaloneSupport/UnityEditor.OSXStandalone.Extensions.dll
Register platform support module: D:/Unity/2020.2.5f1/Editor/Data/PlaybackEngines/WindowsStandaloneSupport/UnityEditor.WindowsStandalone.Extensions.dll
Register platform support module: D:/Unity/2020.2.5f1/Editor/Data/PlaybackEngines/LinuxStandaloneSupport/UnityEditor.LinuxStandalone.Extensions.dll
Registered in 0.002746 seconds.
Native extension for LinuxStandalone target not found
Native extension for WindowsStandalone target not found
Native extension for OSXStandalone target not found
Refreshing native plugins compatible for Editor in 63.27 ms, found 0 plugins.
Preloading 0 native plugins for Editor in 0.00 ms.
Invoked RoslynAnalysisRunner static constructor.
RoslynAnalysisRunner will not be running.
RoslynAnalysisRunner has terminated.
Mono: successfully reloaded assembly
- Completed reload, in  1.740 seconds
Platform modules already initialized, skipping
Registering precompiled user dll's ...
Registered in 0.002102 seconds.
Begin MonoManager ReloadAssembly
Native extension for LinuxStandalone target not found
Native extension for WindowsStandalone target not found
Native extension for OSXStandalone target not found
Refreshing native plugins compatible for Editor in 67.57 ms, found 0 plugins.
Preloading 0 native plugins for Editor in 0.00 ms.
Invoked RoslynAnalysisRunner static constructor.
RoslynAnalysisRunner will not be running.
RoslynAnalysisRunner has terminated.
Mono: successfully reloaded assembly
- Completed reload, in  1.212 seconds
Platform modules already initialized, skipping
========================================================================
Worker process is ready to serve import requests
Shader 'Universal Render Pipeline/Particles/Lit': fallback shader 'Universal Render Pipeline/Particles/SimpleLit' not found
Shader 'Universal Render Pipeline/Particles/Lit': fallback shader 'Universal Render Pipeline/Particles/SimpleLit' not found
Launched and connected shader compiler UnityShaderCompiler.exe after 0.05 seconds
Refreshing native plugins compatible for Editor in 1.35 ms, found 0 plugins.
Preloading 0 native plugins for Editor in 0.00 ms.
Unloading 2685 Unused Serialized files (Serialized files now loaded: 0)
System memory in use before: 126.6 MB.
System memory in use after: 125.0 MB.

Unloading 40 unused Assets to reduce memory usage. Loaded Objects now: 3110.
Total: 3.873900 ms (FindLiveObjects: 0.357800 ms CreateObjectMapping: 0.080100 ms MarkObjects: 2.283200 ms  DeleteObjects: 1.151300 ms)

========================================================================
Received Import Request.
  path: Assets/Objects/bush_model.fbx
  artifactKey: Guid(be11300619b589544be371f687c01220) Importer(815301076,1909f56bfc062723c751e8b465ee728b)
Start importing Assets/Objects/bush_model.fbx using Guid(be11300619b589544be371f687c01220) Importer(815301076,1909f56bfc062723c751e8b465ee728b)  -> (artifact id: 'b3465fda202484d7cc6f18d8b1f1c254') in 4.979303 seconds
  Import took 4.988887 seconds .

========================================================================
Received Prepare
Registering precompiled user dll's ...
Registered in 0.002192 seconds.
Begin MonoManager ReloadAssembly
Native extension for LinuxStandalone target not found
Native extension for WindowsStandalone target not found
Native extension for OSXStandalone target not found
Refreshing native plugins compatible for Editor in 0.61 ms, found 0 plugins.
Preloading 0 native plugins for Editor in 0.00 ms.
Invoked RoslynAnalysisRunner static constructor.
RoslynAnalysisRunner will not be running.
RoslynAnalysisRunner has terminated.
Mono: successfully reloaded assembly
- Completed reload, in  1.159 seconds
Platform modules already initialized, skipping
Shader 'Universal Render Pipeline/Particles/Lit': fallback shader 'Universal Render Pipeline/Particles/SimpleLit' not found
Shader 'Universal Render Pipeline/Particles/Lit': fallback shader 'Universal Render Pipeline/Particles/SimpleLit' not found
Refreshing native plugins compatible for Editor in 0.63 ms, found 0 plugins.
Preloading 0 native plugins for Editor in 0.00 ms.
Unloading 2586 Unused Serialized files (Serialized files now loaded: 0)
System memory in use before: 127.8 MB.
System memory in use after: 126.2 MB.

Unloading 35 unused Assets to reduce memory usage. Loaded Objects now: 3193.
Total: 3.685500 ms (FindLiveObjects: 0.343100 ms CreateObjectMapping: 0.077800 ms MarkObjects: 2.137100 ms  DeleteObjects: 1.126100 ms)

========================================================================
Received Import Request.
  Time since last request: 783.884905 seconds.
  path: Assets/Objects/bush_model.prefab
  artifactKey: Guid(b511bff168b8c664b8a78fd8d62f430e) Importer(815301076,1909f56bfc062723c751e8b465ee728b)
Start importing Assets/Objects/bush_model.prefab using Guid(b511bff168b8c664b8a78fd8d62f430e) Importer(815301076,1909f56bfc062723c751e8b465ee728b)  -> (artifact id: '19a53cccbad13524e1872022b1e690b3') in 0.243760 seconds
  Import took 0.253280 seconds .

========================================================================
Received Import Request.
  Time since last request: 905.833719 seconds.
  path: Assets/Objects/goodCactus_model.fbx
  artifactKey: Guid(404dc71fc78b0dc49a8e99bc5392e264) Importer(815301076,1909f56bfc062723c751e8b465ee728b)
Start importing Assets/Objects/goodCactus_model.fbx using Guid(404dc71fc78b0dc49a8e99bc5392e264) Importer(815301076,1909f56bfc062723c751e8b465ee728b)  -> (artifact id: '1c2a9a658fa1cf34a5fb86dcdab3e29c') in 0.540600 seconds
  Import took 0.547123 seconds .

========================================================================
Received Prepare
Registering precompiled user dll's ...
Registered in 0.002263 seconds.
Begin MonoManager ReloadAssembly
Native extension for LinuxStandalone target not found
Native extension for WindowsStandalone target not found
Native extension for OSXStandalone target not found
Refreshing native plugins compatible for Editor in 0.63 ms, found 0 plugins.
Preloading 0 native plugins for Editor in 0.00 ms.
Invoked RoslynAnalysisRunner static constructor.
RoslynAnalysisRunner will not be running.
RoslynAnalysisRunner has terminated.
Mono: successfully reloaded assembly
- Completed reload, in  1.120 seconds
Platform modules already initialized, skipping
Shader 'Universal Render Pipeline/Particles/Lit': fallback shader 'Universal Render Pipeline/Particles/SimpleLit' not found
Shader 'Universal Render Pipeline/Particles/Lit': fallback shader 'Universal Render Pipeline/Particles/SimpleLit' not found
Refreshing native plugins compatible for Editor in 0.62 ms, found 0 plugins.
Preloading 0 native plugins for Editor in 0.00 ms.
Unloading 2586 Unused Serialized files (Serialized files now loaded: 0)
System memory in use before: 128.0 MB.
System memory in use after: 126.4 MB.

Unloading 35 unused Assets to reduce memory usage. Loaded Objects now: 3231.
Total: 3.931400 ms (FindLiveObjects: 0.340300 ms CreateObjectMapping: 0.077000 ms MarkObjects: 2.222000 ms  DeleteObjects: 1.290700 ms)

========================================================================
Received Import Request.
  Time since last request: 579.194447 seconds.
  path: Assets/Objects/Terrain Trees
  artifactKey: Guid(d1f46ba483a4e0a4297f1c9d9b1fbba0) Importer(815301076,1909f56bfc062723c751e8b465ee728b)
Start importing Assets/Objects/Terrain Trees using Guid(d1f46ba483a4e0a4297f1c9d9b1fbba0) Importer(815301076,1909f56bfc062723c751e8b465ee728b)  -> (artifact id: '29bb3fd2ab349a70cc11ddf50b097393') in 0.007152 seconds
  Import took 0.011874 seconds .

========================================================================
Received Import Request.
  Time since last request: 22.488390 seconds.
  path: Assets/Objects/Terrain Trees/goodCactus_tree.prefab
  artifactKey: Guid(e684c280aaa9074479916b8218deb994) Importer(815301076,1909f56bfc062723c751e8b465ee728b)
Start importing Assets/Objects/Terrain Trees/goodCactus_tree.prefab using Guid(e684c280aaa9074479916b8218deb994) Importer(815301076,1909f56bfc062723c751e8b465ee728b)  -> (artifact id: '2b224e396e7d436c89431598130ff4cc') in 0.216617 seconds
  Import took 0.222990 seconds .

========================================================================
Received Import Request.
  Time since last request: 59.566984 seconds.
  path: Assets/Objects/Terrain Trees/goodCactus_tree.prefab
  artifactKey: Guid(e684c280aaa9074479916b8218deb994) Importer(815301076,1909f56bfc062723c751e8b465ee728b)
Start importing Assets/Objects/Terrain Trees/goodCactus_tree.prefab using Guid(e684c280aaa9074479916b8218deb994) Importer(815301076,1909f56bfc062723c751e8b465ee728b)  -> (artifact id: 'c4117984678a7534e22cb4057cdf2ab5') in 0.015985 seconds
  Import took 0.022592 seconds .

========================================================================
Received Prepare
Registering precompiled user dll's ...
Registered in 0.002197 seconds.
Begin MonoManager ReloadAssembly
Native extension for LinuxStandalone target not found
Native extension for WindowsStandalone target not found
Native extension for OSXStandalone target not found
Refreshing native plugins compatible for Editor in 0.63 ms, found 0 plugins.
Preloading 0 native plugins for Editor in 0.00 ms.
Invoked RoslynAnalysisRunner static constructor.
RoslynAnalysisRunner will not be running.
RoslynAnalysisRunner has terminated.
Mono: successfully reloaded assembly
- Completed reload, in  1.144 seconds
Platform modules already initialized, skipping
Shader 'Universal Render Pipeline/Particles/Lit': fallback shader 'Universal Render Pipeline/Particles/SimpleLit' not found
Shader 'Universal Render Pipeline/Particles/Lit': fallback shader 'Universal Render Pipeline/Particles/SimpleLit' not found
Refreshing native plugins compatible for Editor in 0.66 ms, found 0 plugins.
Preloading 0 native plugins for Editor in 0.00 ms.
Unloading 2586 Unused Serialized files (Serialized files now loaded: 0)
System memory in use before: 128.1 MB.
System memory in use after: 126.5 MB.

Unloading 35 unused Assets to reduce memory usage. Loaded Objects now: 3269.
Total: 4.077800 ms (FindLiveObjects: 0.371100 ms CreateObjectMapping: 0.080700 ms MarkObjects: 2.325900 ms  DeleteObjects: 1.298700 ms)

========================================================================
Received Import Request.
  Time since last request: 309.471530 seconds.
  path: Assets/Objects/Terrain Trees/goodCactus_tree.prefab
  artifactKey: Guid(e684c280aaa9074479916b8218deb994) Importer(815301076,1909f56bfc062723c751e8b465ee728b)
Start importing Assets/Objects/Terrain Trees/goodCactus_tree.prefab using Guid(e684c280aaa9074479916b8218deb994) Importer(815301076,1909f56bfc062723c751e8b465ee728b)  -> (artifact id: 'bf22bf128b1042429ef8f7a448e969e7') in 0.198466 seconds
  Import took 0.204806 seconds .

========================================================================
Received Import Request.
  Time since last request: 1.816453 seconds.
  path: Assets/Objects/Terrain Trees/goodCactus_tree.prefab
  artifactKey: Guid(e684c280aaa9074479916b8218deb994) Importer(815301076,1909f56bfc062723c751e8b465ee728b)
Start importing Assets/Objects/Terrain Trees/goodCactus_tree.prefab using Guid(e684c280aaa9074479916b8218deb994) Importer(815301076,1909f56bfc062723c751e8b465ee728b)  -> (artifact id: 'f0dbb4c1679aa9c3bde0bc8dc4e0352e') in 0.127911 seconds
  Import took 0.134254 seconds .

========================================================================
Received Import Request.
  Time since last request: 5.005788 seconds.
  path: Assets/Objects/Terrain Trees/goodCactus_tree.prefab
  artifactKey: Guid(e684c280aaa9074479916b8218deb994) Importer(815301076,1909f56bfc062723c751e8b465ee728b)
Start importing Assets/Objects/Terrain Trees/goodCactus_tree.prefab using Guid(e684c280aaa9074479916b8218deb994) Importer(815301076,1909f56bfc062723c751e8b465ee728b)  -> (artifact id: 'e518820457f97d3258a92f088c8532eb') in 0.017196 seconds
  Import took 0.023781 seconds .

========================================================================
Received Import Request.
  Time since last request: 115.007013 seconds.
  path: Assets/Objects/Terrain Trees/goodCactus_model.fbx
  artifactKey: Guid(0d24dabdae40ad74796a95ce735c7c47) Importer(815301076,1909f56bfc062723c751e8b465ee728b)
Start importing Assets/Objects/Terrain Trees/goodCactus_model.fbx using Guid(0d24dabdae40ad74796a95ce735c7c47) Importer(815301076,1909f56bfc062723c751e8b465ee728b)  -> (artifact id: '2f3b0b3436aec444aac0027393f543b9') in 0.556756 seconds
  Import took 0.563235 seconds .

========================================================================
Received Prepare
Registering precompiled user dll's ...
Registered in 0.002439 seconds.
Begin MonoManager ReloadAssembly
Native extension for LinuxStandalone target not found
Native extension for WindowsStandalone target not found
Native extension for OSXStandalone target not found
Refreshing native plugins compatible for Editor in 0.62 ms, found 0 plugins.
Preloading 0 native plugins for Editor in 0.00 ms.
Invoked RoslynAnalysisRunner static constructor.
RoslynAnalysisRunner will not be running.
RoslynAnalysisRunner has terminated.
Mono: successfully reloaded assembly
- Completed reload, in  1.099 seconds
Platform modules already initialized, skipping
Shader 'Universal Render Pipeline/Particles/Lit': fallback shader 'Universal Render Pipeline/Particles/SimpleLit' not found
Shader 'Universal Render Pipeline/Particles/Lit': fallback shader 'Universal Render Pipeline/Particles/SimpleLit' not found
Refreshing native plugins compatible for Editor in 0.63 ms, found 0 plugins.
Preloading 0 native plugins for Editor in 0.00 ms.
Unloading 2586 Unused Serialized files (Serialized files now loaded: 0)
System memory in use before: 128.5 MB.
System memory in use after: 126.9 MB.

Unloading 35 unused Assets to reduce memory usage. Loaded Objects now: 3307.
Total: 4.276800 ms (FindLiveObjects: 0.361100 ms CreateObjectMapping: 0.079000 ms MarkObjects: 2.545800 ms  DeleteObjects: 1.289400 ms)

========================================================================
Received Import Request.
  Time since last request: 80.099775 seconds.
  path: Assets/Objects/Terrain Trees/goodCactus_model.fbx
  artifactKey: Guid(0d24dabdae40ad74796a95ce735c7c47) Importer(815301076,1909f56bfc062723c751e8b465ee728b)
Start importing Assets/Objects/Terrain Trees/goodCactus_model.fbx using Guid(0d24dabdae40ad74796a95ce735c7c47) Importer(815301076,1909f56bfc062723c751e8b465ee728b)  -> (artifact id: 'e4d45afa73ec3c9419aac30df2c5e67d') in 0.722604 seconds
  Import took 0.729271 seconds .

========================================================================
Received Prepare
Registering precompiled user dll's ...
Registered in 0.002147 seconds.
Begin MonoManager ReloadAssembly
Native extension for LinuxStandalone target not found
Native extension for WindowsStandalone target not found
Native extension for OSXStandalone target not found
Refreshing native plugins compatible for Editor in 0.62 ms, found 0 plugins.
Preloading 0 native plugins for Editor in 0.00 ms.
Invoked RoslynAnalysisRunner static constructor.
RoslynAnalysisRunner will not be running.
RoslynAnalysisRunner has terminated.
Mono: successfully reloaded assembly
- Completed reload, in  1.133 seconds
Platform modules already initialized, skipping
Shader 'Universal Render Pipeline/Particles/Lit': fallback shader 'Universal Render Pipeline/Particles/SimpleLit' not found
Shader 'Universal Render Pipeline/Particles/Lit': fallback shader 'Universal Render Pipeline/Particles/SimpleLit' not found
Refreshing native plugins compatible for Editor in 0.63 ms, found 0 plugins.
Preloading 0 native plugins for Editor in 0.00 ms.
Unloading 2586 Unused Serialized files (Serialized files now loaded: 0)
System memory in use before: 128.7 MB.
System memory in use after: 127.1 MB.

Unloading 35 unused Assets to reduce memory usage. Loaded Objects now: 3345.
Total: 4.527500 ms (FindLiveObjects: 0.392000 ms CreateObjectMapping: 0.080800 ms MarkObjects: 2.499900 ms  DeleteObjects: 1.553300 ms)

========================================================================
Received Import Request.
  Time since last request: 83.462436 seconds.
  path: Assets/Objects/Terrain Trees/goodCactus_model.fbx
  artifactKey: Guid(0d24dabdae40ad74796a95ce735c7c47) Importer(815301076,1909f56bfc062723c751e8b465ee728b)
Start importing Assets/Objects/Terrain Trees/goodCactus_model.fbx using Guid(0d24dabdae40ad74796a95ce735c7c47) Importer(815301076,1909f56bfc062723c751e8b465ee728b)  -> (artifact id: '0abb7d6cdcd18352a2c5be488a5c6027') in 0.893003 seconds
  Import took 0.900569 seconds .

========================================================================
Received Prepare
Registering precompiled user dll's ...
Registered in 0.002210 seconds.
Begin MonoManager ReloadAssembly
Native extension for LinuxStandalone target not found
Native extension for WindowsStandalone target not found
Native extension for OSXStandalone target not found
Refreshing native plugins compatible for Editor in 0.64 ms, found 0 plugins.
Preloading 0 native plugins for Editor in 0.00 ms.
Invoked RoslynAnalysisRunner static constructor.
RoslynAnalysisRunner will not be running.
RoslynAnalysisRunner has terminated.
Mono: successfully reloaded assembly
- Completed reload, in  1.129 seconds
Platform modules already initialized, skipping
Shader 'Universal Render Pipeline/Particles/Lit': fallback shader 'Universal Render Pipeline/Particles/SimpleLit' not found
Shader 'Universal Render Pipeline/Particles/Lit': fallback shader 'Universal Render Pipeline/Particles/SimpleLit' not found
Refreshing native plugins compatible for Editor in 0.62 ms, found 0 plugins.
Preloading 0 native plugins for Editor in 0.00 ms.
Unloading 2586 Unused Serialized files (Serialized files now loaded: 0)
System memory in use before: 128.9 MB.
System memory in use after: 127.3 MB.

Unloading 35 unused Assets to reduce memory usage. Loaded Objects now: 3383.
Total: 4.119700 ms (FindLiveObjects: 0.380900 ms CreateObjectMapping: 0.081600 ms MarkObjects: 2.332600 ms  DeleteObjects: 1.323200 ms)

